<?xml version="1.0" encoding="UTF-8"?>
<!-- Generated by org.testng.reporters.JUnitReportReporter -->
<testsuite hostname="DESKTOP-F6HLD1S" failures="0" tests="1" name="Crud1.crud01" time="44.493" errors="0" timestamp="2023-11-05T13:21:11 IST" skipped="0">
  <testcase classname="Crud1.crud01" name="CreateUser" time="44.493"/>
</testsuite> <!-- Crud1.crud01 -->
